<?xml version="1.0" encoding="UTF-8"?>
<!-- Generated by org.testng.reporters.JUnitReportReporter -->
<testsuite hostname="DESKTOP-770O1EP" failures="0" tests="1" name="TestNG_Basics.Parameter" time="25.083" errors="0" timestamp="2022-11-11T13:09:59 IST" skipped="0">
  <testcase classname="TestNG_Basics.Parameter" name="parelleldemo" time="25.083"/>
  <system-out/>
</testsuite> <!-- TestNG_Basics.Parameter -->
