<?xml version="1.0" encoding="UTF-8"?>
<!-- Generated by org.testng.reporters.JUnitReportReporter -->
<testsuite hostname="DESKTOP-770O1EP" failures="0" tests="2" name="TestNG_Basics.Include" time="0.021" errors="0" timestamp="2022-11-10T12:21:30 IST" skipped="0">
  <testcase classname="TestNG_Basics.Include" name="Login" time="0.019"/>
  <system-out/>
  <testcase classname="TestNG_Basics.Include" name="Register" time="0.002"/>
  <system-out/>
</testsuite> <!-- TestNG_Basics.Include -->
