<?xml version="1.0" encoding="UTF-8"?>
<!-- Generated by org.testng.reporters.JUnitReportReporter -->
<testsuite hostname="DESKTOP-770O1EP" failures="0" tests="1" name="testcases.DWS_advance_search" time="8.234" errors="0" timestamp="2022-11-16T17:47:56 IST" skipped="0">
  <testcase classname="testcases.DWS_advance_search" name="advance" time="8.234"/>
  <system-out/>
</testsuite> <!-- testcases.DWS_advance_search -->
