<?xml version="1.0" encoding="UTF-8"?>
<!-- Generated by org.testng.reporters.JUnitReportReporter -->
<testsuite hostname="DESKTOP-770O1EP" failures="0" tests="1" name="TestNG_Basics.SmokeTest2" time="0.002" errors="0" timestamp="2022-11-10T16:12:11 IST" skipped="0">
  <testcase classname="TestNG_Basics.SmokeTest2" name="Wishlist" time="0.002"/>
  <system-out/>
</testsuite> <!-- TestNG_Basics.SmokeTest2 -->
