<?xml version="1.0" encoding="UTF-8"?>
<!-- Generated by org.testng.reporters.JUnitReportReporter -->
<testsuite hostname="DESKTOP-770O1EP" failures="0" tests="5" name="TestNG_Basics.DataProvider12" time="124.735" errors="0" timestamp="2022-11-11T17:58:10 IST" skipped="0">
  <testcase classname="TestNG_Basics.DataProvider12" name="register" time="21.750"/>
  <system-out/>
  <testcase classname="TestNG_Basics.DataProvider12" name="register" time="26.129"/>
  <system-out/>
  <testcase classname="TestNG_Basics.DataProvider12" name="register" time="21.662"/>
  <system-out/>
  <testcase classname="TestNG_Basics.DataProvider12" name="register" time="28.822"/>
  <system-out/>
  <testcase classname="TestNG_Basics.DataProvider12" name="register" time="26.372"/>
  <system-out/>
</testsuite> <!-- TestNG_Basics.DataProvider12 -->
