<?xml version="1.0" encoding="UTF-8"?>
<!-- Generated by org.testng.reporters.JUnitReportReporter -->
<testsuite hostname="DESKTOP-770O1EP" failures="0" tests="1" name="TestNG_Basics.Testng_01" time="29.587" errors="0" timestamp="2022-11-08T13:00:39 IST" skipped="0">
  <testcase classname="TestNG_Basics.Testng_01" name="Demo" time="29.587"/>
  <system-out/>
</testsuite> <!-- TestNG_Basics.Testng_01 -->
