<?xml version="1.0" encoding="UTF-8"?>
<!-- Generated by org.testng.reporters.JUnitReportReporter -->
<testsuite hostname="DESKTOP-770O1EP" failures="0" tests="1" name="TestNG_Basics.Parellel2" time="30.207" errors="0" timestamp="2022-11-11T12:22:38 IST" skipped="0">
  <testcase classname="TestNG_Basics.Parellel2" name="parelleldemo" time="30.207"/>
  <system-out/>
</testsuite> <!-- TestNG_Basics.Parellel2 -->
