<?xml version="1.0" encoding="UTF-8"?>
<!-- Generated by org.testng.reporters.JUnitReportReporter -->
<testsuite hostname="DESKTOP-770O1EP" failures="0" tests="3" name="TestNG_Basics.SmokeTc" time="0.026" errors="0" timestamp="2022-11-10T16:12:11 IST" skipped="0">
  <testcase classname="TestNG_Basics.SmokeTc" name="Login" time="0.019"/>
  <system-out/>
  <testcase classname="TestNG_Basics.SmokeTc" name="Register" time="0.002"/>
  <system-out/>
  <testcase classname="TestNG_Basics.SmokeTc" name="Search" time="0.005"/>
  <system-out/>
</testsuite> <!-- TestNG_Basics.SmokeTc -->
