<?xml version="1.0" encoding="UTF-8"?>
<!-- Generated by org.testng.reporters.JUnitReportReporter -->
<testsuite hostname="DESKTOP-770O1EP" failures="0" tests="4" name="TestNG_Basics.TestData" time="0.030" errors="0" timestamp="2022-11-11T15:54:51 IST" skipped="0">
  <testcase classname="TestNG_Basics.TestData" name="testdatademo" time="0.020"/>
  <system-out/>
  <testcase classname="TestNG_Basics.TestData" name="testdatademo" time="0.005"/>
  <system-out/>
  <testcase classname="TestNG_Basics.TestData" name="testdatademo" time="0.002"/>
  <system-out/>
  <testcase classname="TestNG_Basics.TestData" name="testdatademo" time="0.003"/>
  <system-out/>
</testsuite> <!-- TestNG_Basics.TestData -->
