<?xml version="1.0" encoding="UTF-8"?>
<!-- Generated by org.testng.reporters.JUnitReportReporter -->
<testsuite hostname="DESKTOP-770O1EP" failures="0" tests="1" name="testcases.Search_TC" time="1.642" errors="0" timestamp="2022-11-16T17:18:17 IST" skipped="0">
  <testcase classname="testcases.Search_TC" name="TC3" time="1.642"/>
  <system-out/>
</testsuite> <!-- testcases.Search_TC -->
