<?xml version="1.0" encoding="UTF-8"?>
<!-- Generated by org.testng.reporters.JUnitReportReporter -->
<testsuite hostname="DESKTOP-770O1EP" failures="0" tests="4" name="TestNG_Basics.Exclude" time="0.031" errors="0" timestamp="2022-11-10T12:40:58 IST" skipped="0">
  <testcase classname="TestNG_Basics.Exclude" name="Wishlist" time="0.003"/>
  <system-out/>
  <testcase classname="TestNG_Basics.Exclude" name="Register" time="0.003"/>
  <system-out/>
  <testcase classname="TestNG_Basics.Exclude" name="Login" time="0.023"/>
  <system-out/>
  <testcase classname="TestNG_Basics.Exclude" name="Logout" time="0.002"/>
  <system-out/>
</testsuite> <!-- TestNG_Basics.Exclude -->
