<?xml version="1.0" encoding="UTF-8"?>
<!-- Generated by org.testng.reporters.JUnitReportReporter -->
<testsuite hostname="DESKTOP-770O1EP" failures="0" tests="1" name="TestNG_Basics.PropertyFile" time="0.020" errors="0" timestamp="2022-11-15T15:29:13 IST" skipped="0">
  <testcase classname="TestNG_Basics.PropertyFile" name="propertydemo" time="0.020"/>
  <system-out/>
</testsuite> <!-- TestNG_Basics.PropertyFile -->
