<?xml version="1.0" encoding="UTF-8"?>
<!-- Generated by org.testng.reporters.JUnitReportReporter -->
<testsuite hostname="DESKTOP-770O1EP" failures="0" tests="1" name="pom_testcases.DWS_BookTest" time="1.095" errors="0" timestamp="2022-11-21T15:29:47 IST" skipped="0">
  <testcase classname="pom_testcases.DWS_BookTest" name="TC15" time="1.095"/>
  <system-out/>
</testsuite> <!-- pom_testcases.DWS_BookTest -->
