<?xml version="1.0" encoding="UTF-8"?>
<!-- Generated by org.testng.reporters.JUnitReportReporter -->
<testsuite hostname="DESKTOP-770O1EP" failures="0" tests="1" name="testcases.Accessories" time="24.737" errors="0" timestamp="2022-11-15T09:31:16 IST" skipped="0">
  <testcase classname="testcases.Accessories" name="access" time="24.737"/>
  <system-out/>
</testsuite> <!-- testcases.Accessories -->
