<?xml version="1.0" encoding="UTF-8"?>
<!-- Generated by org.testng.reporters.JUnitReportReporter -->
<testsuite hostname="DESKTOP-770O1EP" failures="0" tests="1" name="TestNG_Basics.SearchDataProvider" time="29.631" errors="0" timestamp="2022-11-14T09:55:46 IST" skipped="0">
  <testcase classname="TestNG_Basics.SearchDataProvider" name="searchdemo" time="29.631"/>
  <system-out/>
</testsuite> <!-- TestNG_Basics.SearchDataProvider -->
