<?xml version="1.0" encoding="UTF-8"?>
<!-- Generated by org.testng.reporters.JUnitReportReporter -->
<testsuite hostname="DESKTOP-770O1EP" failures="0" tests="1" name="pom_pages.DWS_RegisterTest" time="8.826" errors="0" timestamp="2022-11-19T10:41:46 IST" skipped="0">
  <testcase classname="pom_pages.DWS_RegisterTest" name="TC02" time="8.826"/>
  <system-out/>
</testsuite> <!-- pom_pages.DWS_RegisterTest -->
