<?xml version="1.0" encoding="UTF-8"?>
<!-- Generated by org.testng.reporters.JUnitReportReporter -->
<testsuite hostname="DESKTOP-770O1EP" failures="0" tests="5" name="TestNG_Basics.DependsOnMethod" time="0.035" errors="0" timestamp="2022-11-10T11:02:27 IST" skipped="0">
  <testcase classname="TestNG_Basics.DependsOnMethod" name="Login" time="0.004"/>
  <system-out/>
  <testcase classname="TestNG_Basics.DependsOnMethod" name="Register" time="0.023"/>
  <system-out/>
  <testcase classname="TestNG_Basics.DependsOnMethod" name="Search" time="0.002"/>
  <system-out/>
  <testcase classname="TestNG_Basics.DependsOnMethod" name="Wishlist" time="0.001"/>
  <system-out/>
  <testcase classname="TestNG_Basics.DependsOnMethod" name="Logout" time="0.005"/>
  <system-out/>
</testsuite> <!-- TestNG_Basics.DependsOnMethod -->
