<?xml version="1.0" encoding="UTF-8"?>
<!-- Generated by org.testng.reporters.JUnitReportReporter -->
<testsuite hostname="DESKTOP-770O1EP" failures="0" tests="2" name="TestNG_Basics.MultipleMethods" time="0.020" errors="0" timestamp="2022-11-09T12:54:50 IST" skipped="0">
  <testcase classname="TestNG_Basics.MultipleMethods" name="Petshop" time="0.004"/>
  <system-out/>
  <testcase classname="TestNG_Basics.MultipleMethods" name="MedicalShop" time="0.016"/>
  <system-out/>
</testsuite> <!-- TestNG_Basics.MultipleMethods -->
