<?xml version="1.0" encoding="UTF-8"?>
<!-- Generated by org.testng.reporters.JUnitReportReporter -->
<testsuite hostname="DESKTOP-770O1EP" failures="0" tests="1" name="pom_testcases.DWS_GiftTest" time="1.460" errors="0" timestamp="2022-11-21T15:29:47 IST" skipped="0">
  <testcase classname="pom_testcases.DWS_GiftTest" name="TC08" time="1.460"/>
  <system-out/>
</testsuite> <!-- pom_testcases.DWS_GiftTest -->
