<?xml version="1.0" encoding="UTF-8"?>
<!-- Generated by org.testng.reporters.JUnitReportReporter -->
<testsuite hostname="DESKTOP-770O1EP" failures="0" tests="1" name="testcases.Login_TC" time="3.003" errors="0" timestamp="2022-11-16T16:34:51 IST" skipped="0">
  <testcase classname="testcases.Login_TC" name="TC2" time="3.003"/>
  <system-out/>
</testsuite> <!-- testcases.Login_TC -->
