<?xml version="1.0" encoding="UTF-8"?>
<!-- Generated by org.testng.reporters.JUnitReportReporter -->
<testsuite hostname="DESKTOP-770O1EP" failures="0" tests="1" name="naukri.com.NaukriFrameWork" time="1.095" errors="0" timestamp="2022-11-17T10:05:23 IST" skipped="0">
  <testcase classname="naukri.com.NaukriFrameWork" name="login_naukri" time="1.095"/>
  <system-out/>
</testsuite> <!-- naukri.com.NaukriFrameWork -->
