<?xml version="1.0" encoding="UTF-8"?>
<!-- Generated by org.testng.reporters.JUnitReportReporter -->
<testsuite hostname="DESKTOP-770O1EP" failures="0" tests="1" name="testcases.Register_TC1" time="1.954" errors="0" timestamp="2022-11-16T16:41:43 IST" skipped="0">
  <testcase classname="testcases.Register_TC1" name="TC1" time="1.954"/>
  <system-out/>
</testsuite> <!-- testcases.Register_TC1 -->
