<?xml version="1.0" encoding="UTF-8"?>
<!-- Generated by org.testng.reporters.JUnitReportReporter -->
<testsuite hostname="DESKTOP-770O1EP" failures="0" tests="1" name="pom_testcases.DWS_SubscribeTest" time="0.334" errors="0" timestamp="2022-11-21T15:29:47 IST" skipped="0">
  <testcase classname="pom_testcases.DWS_SubscribeTest" name="TC010" time="0.334"/>
  <system-out/>
</testsuite> <!-- pom_testcases.DWS_SubscribeTest -->
