<?xml version="1.0" encoding="UTF-8"?>
<!-- Generated by org.testng.reporters.JUnitReportReporter -->
<testsuite hostname="DESKTOP-770O1EP" failures="0" tests="1" name="TestNG_Basics.Excel_Basics" time="1.038" errors="0" timestamp="2022-11-16T15:07:51 IST" skipped="0">
  <testcase classname="TestNG_Basics.Excel_Basics" name="exceldemo" time="1.038"/>
  <system-out/>
</testsuite> <!-- TestNG_Basics.Excel_Basics -->
